<?xml version="1.0" encoding="UTF-8"?>
<!-- Generated by org.testng.reporters.JUnitReportReporter -->
<testsuite hostname="DESKTOP-CFCNF77" name="DeepakAcademy.DeepakE2EProject.homePage" tests="2" failures="0" timestamp="5 May 2019 15:32:12 GMT" time="27.430" errors="0">
  <testcase name="basePageNavigation" time="13.282" classname="DeepakAcademy.DeepakE2EProject.homePage"/>
  <testcase name="basePageNavigation" time="14.148" classname="DeepakAcademy.DeepakE2EProject.homePage"/>
</testsuite> <!-- DeepakAcademy.DeepakE2EProject.homePage -->
