<?xml version="1.0" encoding="UTF-8"?>
<!-- Generated by org.testng.reporters.JUnitReportReporter -->
<testsuite hostname="DESKTOP-CFCNF77" name="test.basicClass1" tests="1" failures="0" timestamp="24 Apr 2019 18:06:27 GMT" time="0.006" errors="0">
  <testcase name="method1" time="0.006" classname="test.basicClass1"/>
</testsuite> <!-- test.basicClass1 -->
