<?xml version="1.0" encoding="UTF-8"?>
<!-- Generated by org.testng.reporters.JUnitReportReporter -->
<testsuite hostname="DESKTOP-CFCNF77" name="test2.basicClass2" tests="2" failures="0" timestamp="24 Apr 2019 18:06:15 GMT" time="0.000" errors="0">
  <testcase name="method2" time="0.000" classname="test2.basicClass2"/>
  <testcase name="method1" time="0.000" classname="test2.basicClass2"/>
</testsuite> <!-- test2.basicClass2 -->
