<?xml version="1.0" encoding="UTF-8"?>
<!-- Generated by org.testng.reporters.JUnitReportReporter -->
<testsuite hostname="DESKTOP-CFCNF77" name="test_functionality.test1" tests="1" failures="0" timestamp="25 Apr 2019 03:16:12 GMT" time="11.150" errors="0">
  <testcase name="testLogin" time="11.150" classname="test_functionality.test1"/>
</testsuite> <!-- test_functionality.test1 -->
