<?xml version="1.0" encoding="UTF-8"?>
<!-- Generated by org.testng.reporters.JUnitReportReporter -->
<testsuite hostname="DESKTOP-CFCNF77" name="test_functionality.test_PageFactory" tests="1" failures="0" timestamp="25 Apr 2019 03:28:11 GMT" time="16.373" errors="0">
  <testcase name="testLogin" time="16.373" classname="test_functionality.test_PageFactory"/>
</testsuite> <!-- test_functionality.test_PageFactory -->
