<?xml version="1.0" encoding="UTF-8"?>
<!-- Generated by org.testng.reporters.JUnitReportReporter -->
<testsuite skipped="0" hostname="DESKTOP-CFCNF77" name="testSanity.validateNavigationBar" tests="1" failures="0" timestamp="30 Apr 2019 01:21:21 GMT" time="0.087" errors="0">
  <testcase name="validateAppNavBar" time="0.087" classname="testSanity.validateNavigationBar"/>
</testsuite> <!-- testSanity.validateNavigationBar -->
