<?xml version="1.0" encoding="UTF-8"?>
<!-- Generated by org.testng.reporters.JUnitReportReporter -->
<testsuite skipped="0" hostname="DESKTOP-CFCNF77" name="testSanity.validateTitle" tests="1" failures="0" timestamp="30 Apr 2019 01:21:21 GMT" time="0.046" errors="0">
  <testcase name="validateAppTitle" time="0.046" classname="testSanity.validateTitle"/>
</testsuite> <!-- testSanity.validateTitle -->
