<?xml version="1.0" encoding="UTF-8"?>
<!-- Generated by org.testng.reporters.JUnitReportReporter -->
<testsuite skipped="0" hostname="DESKTOP-CFCNF77" name="testSanity.HomePage" tests="2" failures="0" timestamp="30 Apr 2019 01:21:21 GMT" time="20.734" errors="0">
  <testcase name="basePageNavigation" time="8.956" classname="testSanity.HomePage"/>
  <testcase name="basePageNavigation" time="11.778" classname="testSanity.HomePage"/>
</testsuite> <!-- testSanity.HomePage -->
