<?xml version="1.0" encoding="UTF-8"?>
<!-- Generated by org.testng.reporters.JUnitReportReporter -->
<testsuite hostname="DESKTOP-CFCNF77" name="Academy.AppTest" tests="1" failures="0" timestamp="3 May 2019 01:04:05 GMT" time="0.001" errors="0">
  <testcase name="testApp" time="0.001" classname="Academy.AppTest"/>
</testsuite> <!-- Academy.AppTest -->
