<?xml version="1.0" encoding="UTF-8"?>
<!-- Generated by org.testng.reporters.JUnitReportReporter -->
<testsuite skipped="0" hostname="DESKTOP-CFCNF77" name="DeepakAcademy.mavenRevision.SeleniumTest" tests="2" failures="0" timestamp="12 May 2019 23:56:30 GMT" time="0.003" errors="0">
  <testcase name="webAutomation" time="0.001" classname="DeepakAcademy.mavenRevision.SeleniumTest"/>
  <testcase name="seleniumAutomation" time="0.002" classname="DeepakAcademy.mavenRevision.SeleniumTest"/>
</testsuite> <!-- DeepakAcademy.mavenRevision.SeleniumTest -->
