<?xml version="1.0" encoding="UTF-8"?>
<!-- Generated by org.testng.reporters.JUnitReportReporter -->
<testsuite skipped="0" hostname="DESKTOP-CFCNF77" name="DeepakAcademy.mavenRevision.RestTest" tests="2" failures="0" timestamp="12 May 2019 23:56:30 GMT" time="0.005" errors="0">
  <testcase name="restAutomation" time="0.004" classname="DeepakAcademy.mavenRevision.RestTest"/>
  <testcase name="restAPIAutomation" time="0.001" classname="DeepakAcademy.mavenRevision.RestTest"/>
</testsuite> <!-- DeepakAcademy.mavenRevision.RestTest -->
