<?xml version="1.0" encoding="UTF-8"?>
<!-- Generated by org.testng.reporters.JUnitReportReporter -->
<testsuite skipped="0" hostname="DESKTOP-CFCNF77" name="restAssured.Post_xml" tests="1" failures="0" timestamp="12 May 2019 23:56:30 GMT" time="2.181" errors="0">
  <testcase name="testData" time="2.181" classname="restAssured.Post_xml"/>
</testsuite> <!-- restAssured.Post_xml -->
