<?xml version="1.0" encoding="UTF-8"?>
<!-- Generated by org.testng.reporters.JUnitReportReporter -->
<testsuite skipped="0" hostname="DESKTOP-CFCNF77" name="restAssured.Post" tests="1" failures="0" timestamp="12 May 2019 23:56:30 GMT" time="0.228" errors="0">
  <testcase name="testData" time="0.228" classname="restAssured.Post"/>
</testsuite> <!-- restAssured.Post -->
