<?xml version="1.0" encoding="UTF-8"?>
<!-- Generated by org.testng.reporters.JUnitReportReporter -->
<testsuite hostname="DESKTOP-CFCNF77" name="Academy.HomePage" tests="2" failures="0" timestamp="29 Apr 2019 00:16:00 GMT" time="25.120" errors="0">
  <testcase name="basePageNavigation" time="14.639" classname="Academy.HomePage"/>
  <testcase name="basePageNavigation" time="10.481" classname="Academy.HomePage"/>
</testsuite> <!-- Academy.HomePage -->
