<?xml version="1.0" encoding="UTF-8"?>
<!-- Generated by org.testng.reporters.JUnitReportReporter -->
<testsuite hostname="DESKTOP-CFCNF77" name="Academy.validateNavigationBar" tests="1" failures="0" timestamp="29 Apr 2019 00:16:00 GMT" time="0.644" errors="0">
  <testcase name="validateAppNavBar" time="0.644" classname="Academy.validateNavigationBar"/>
</testsuite> <!-- Academy.validateNavigationBar -->
