<?xml version="1.0" encoding="UTF-8"?>
<!-- Generated by org.testng.reporters.JUnitReportReporter -->
<testsuite skipped="0" hostname="DESKTOP-CFCNF77" name="DeepakAcademy.mavenRevision.AppiumTest" tests="2" failures="0" timestamp="13 May 2019 06:48:51 GMT" time="0.002" errors="0">
  <testcase name="iosAutomation" time="0.001" classname="DeepakAcademy.mavenRevision.AppiumTest"/>
  <testcase name="androidAutomation" time="0.001" classname="DeepakAcademy.mavenRevision.AppiumTest"/>
</testsuite> <!-- DeepakAcademy.mavenRevision.AppiumTest -->
