<?xml version="1.0" encoding="UTF-8"?>
<!-- Generated by org.testng.reporters.JUnitReportReporter -->
<testsuite skipped="0" hostname="DESKTOP-CFCNF77" name="DeepakAcademy.mavenRevision.RestTest" tests="2" failures="0" timestamp="13 May 2019 06:48:51 GMT" time="0.000" errors="0">
  <testcase name="restAutomation" time="0.000" classname="DeepakAcademy.mavenRevision.RestTest"/>
  <testcase name="restAPIAutomation" time="0.000" classname="DeepakAcademy.mavenRevision.RestTest"/>
</testsuite> <!-- DeepakAcademy.mavenRevision.RestTest -->
