<?xml version="1.0" encoding="UTF-8"?>
<!-- Generated by org.testng.reporters.JUnitReportReporter -->
<testsuite skipped="0" hostname="DESKTOP-CFCNF77" name="restAssured.PostDelete" tests="1" failures="0" timestamp="13 May 2019 06:48:51 GMT" time="0.885" errors="0">
  <testcase name="addAndDelete" time="0.885" classname="restAssured.PostDelete"/>
</testsuite> <!-- restAssured.PostDelete -->
