<?xml version="1.0" encoding="UTF-8"?>
<!-- Generated by org.testng.reporters.JUnitReportReporter -->
<testsuite skipped="0" hostname="DESKTOP-CFCNF77" name="restAssured.basics2" tests="1" failures="0" timestamp="7 May 2019 00:02:47 GMT" time="2.901" errors="0">
  <testcase name="addAndDelete" time="2.901" classname="restAssured.basics2"/>
</testsuite> <!-- restAssured.basics2 -->
