<?xml version="1.0" encoding="UTF-8"?>
<!-- Generated by org.testng.reporters.JUnitReportReporter -->
<testsuite skipped="0" hostname="DESKTOP-CFCNF77" name="restAssured.Post" tests="1" failures="0" timestamp="12 May 2019 08:38:26 GMT" time="0.192" errors="0">
  <testcase name="testData" time="0.192" classname="restAssured.Post"/>
</testsuite> <!-- restAssured.Post -->
