<?xml version="1.0" encoding="UTF-8"?>
<!-- Generated by org.testng.reporters.JUnitReportReporter -->
<testsuite skipped="0" hostname="DESKTOP-CFCNF77" name="jiraAPI.jiraBasics" tests="1" failures="0" timestamp="12 May 2019 08:38:26 GMT" time="0.147" errors="0">
  <testcase name="jiraAPI" time="0.147" classname="jiraAPI.jiraBasics"/>
</testsuite> <!-- jiraAPI.jiraBasics -->
