<?xml version="1.0" encoding="UTF-8"?>
<!-- Generated by org.testng.reporters.JUnitReportReporter -->
<testsuite skipped="0" hostname="DESKTOP-CFCNF77" name="libraryAPI.PostDelete" tests="10" failures="0" timestamp="7 May 2019 03:52:43 GMT" time="3.514" errors="0">
  <testcase name="dynamicJson" time="0.121" classname="libraryAPI.PostDelete"/>
  <testcase name="dynamicJson" time="0.123" classname="libraryAPI.PostDelete"/>
  <testcase name="dynamicJson" time="0.148" classname="libraryAPI.PostDelete"/>
  <testcase name="dynamicJson" time="2.211" classname="libraryAPI.PostDelete"/>
  <testcase name="dynamicJson" time="0.187" classname="libraryAPI.PostDelete"/>
  <testcase name="dynamicJson" time="0.129" classname="libraryAPI.PostDelete"/>
  <testcase name="dynamicJson" time="0.162" classname="libraryAPI.PostDelete"/>
  <testcase name="dynamicJson" time="0.131" classname="libraryAPI.PostDelete"/>
  <testcase name="dynamicJson" time="0.132" classname="libraryAPI.PostDelete"/>
  <testcase name="dynamicJson" time="0.170" classname="libraryAPI.PostDelete"/>
</testsuite> <!-- libraryAPI.PostDelete -->
