<?xml version="1.0" encoding="UTF-8"?>
<!-- Generated by org.testng.reporters.JUnitReportReporter -->
<testsuite hostname="DESKTOP-CFCNF77" name="DeepakAcademy.DeepakE2EProject.homePage" tests="2" failures="0" timestamp="4 May 2019 10:42:58 GMT" time="36.885" errors="0">
  <testcase name="basePageNavigation" time="17.173" classname="DeepakAcademy.DeepakE2EProject.homePage"/>
  <testcase name="basePageNavigation" time="19.712" classname="DeepakAcademy.DeepakE2EProject.homePage"/>
</testsuite> <!-- DeepakAcademy.DeepakE2EProject.homePage -->
