<?xml version="1.0" encoding="UTF-8"?>
<!-- Generated by org.testng.reporters.JUnitReportReporter -->
<testsuite hostname="DESKTOP-CFCNF77" name="Academy.Project.validateTitle" tests="1" failures="0" timestamp="20 Apr 2019 01:35:29 GMT" time="5.559" errors="0">
  <testcase name="validateText" time="5.559" classname="Academy.Project.validateTitle"/>
</testsuite> <!-- Academy.Project.validateTitle -->
