<?xml version="1.0" encoding="UTF-8"?>
<!-- Generated by org.testng.reporters.JUnitReportReporter -->
<testsuite hostname="DESKTOP-CFCNF77" name="Academy.Project.HomePage" tests="2" failures="0" timestamp="20 Apr 2019 01:35:29 GMT" time="24.991" errors="0">
  <testcase name="basePageNavigation" time="12.317" classname="Academy.Project.HomePage"/>
  <testcase name="basePageNavigation" time="12.674" classname="Academy.Project.HomePage"/>
</testsuite> <!-- Academy.Project.HomePage -->
