<?xml version="1.0" encoding="UTF-8"?>
<!-- Generated by org.testng.reporters.JUnitReportReporter -->
<testsuite skipped="0" hostname="DESKTOP-CFCNF77" name="Test.day1" tests="2" failures="0" timestamp="9 Apr 2019 02:55:05 GMT" time="0.013" errors="0">
  <testcase name="demo" time="0.001" classname="Test.day1"/>
  <testcase name="SecondTest" time="0.012" classname="Test.day1"/>
</testsuite> <!-- Test.day1 -->
