<?xml version="1.0" encoding="UTF-8"?>
<!-- Generated by org.testng.reporters.JUnitReportReporter -->
<testsuite skipped="0" hostname="DESKTOP-CFCNF77" name="Test.day3" tests="3" failures="0" timestamp="9 Apr 2019 02:55:05 GMT" time="0.008" errors="0">
  <testcase name="MobileLogincarLoan" time="0.000" classname="Test.day3"/>
  <testcase name="loginApiCarLoan" time="0.004" classname="Test.day3"/>
  <testcase name="webLogin" time="0.004" classname="Test.day3"/>
</testsuite> <!-- Test.day3 -->
