<?xml version="1.0" encoding="UTF-8"?>
<!-- Generated by org.testng.reporters.JUnitReportReporter -->
<testsuite skipped="0" hostname="DESKTOP-CFCNF77" name="Test.day4" tests="3" failures="0" timestamp="9 Apr 2019 02:55:05 GMT" time="0.012" errors="0">
  <testcase name="loginApiHomeLoan" time="0.003" classname="Test.day4"/>
  <testcase name="webLoginHome" time="0.005" classname="Test.day4"/>
  <testcase name="MobileLoginHomeLoan" time="0.004" classname="Test.day4"/>
</testsuite> <!-- Test.day4 -->
