<?xml version="1.0" encoding="UTF-8"?>
<!-- Generated by org.testng.reporters.JUnitReportReporter -->
<testsuite skipped="0" hostname="DESKTOP-CFCNF77" name="test.basicClass1" tests="2" failures="0" timestamp="24 Apr 2019 16:18:59 GMT" time="0.019" errors="0">
  <testcase name="method1" time="0.017" classname="test.basicClass1"/>
  <testcase name="method2" time="0.002" classname="test.basicClass1"/>
</testsuite> <!-- test.basicClass1 -->
