<?xml version="1.0" encoding="UTF-8"?>
<!-- Generated by org.testng.reporters.JUnitReportReporter -->
<testsuite skipped="0" hostname="DESKTOP-CFCNF77" name="test123.copy.testA2" tests="1" failures="0" timestamp="2 May 2019 02:29:31 GMT" time="0.005" errors="0">
  <testcase name="getNumberDoubleTest123A2" time="0.005" classname="test123.copy.testA2"/>
</testsuite> <!-- test123.copy.testA2 -->
