<?xml version="1.0" encoding="UTF-8"?>
<!-- Generated by org.testng.reporters.JUnitReportReporter -->
<testsuite skipped="0" hostname="DESKTOP-CFCNF77" name="test2.basicClass2" tests="2" failures="0" timestamp="24 Apr 2019 16:18:59 GMT" time="0.003" errors="0">
  <testcase name="method1" time="0.001" classname="test2.basicClass2"/>
  <testcase name="method2" time="0.002" classname="test2.basicClass2"/>
</testsuite> <!-- test2.basicClass2 -->
