<?xml version="1.0" encoding="UTF-8"?>
<!-- Generated by org.testng.reporters.JUnitReportReporter -->
<testsuite skipped="0" hostname="DESKTOP-CFCNF77" name="test123.copy.testA" tests="6" failures="0" timestamp="2 May 2019 03:26:39 GMT" time="0.018" errors="0">
  <testcase name="getNumberDoubleTest123" time="0.001" classname="test123.copy.testA"/>
  <testcase name="getNumberDoubleTest123" time="0.002" classname="test123.copy.testA"/>
  <testcase name="getNumberDoubleTest123" time="0.000" classname="test123.copy.testA"/>
  <testcase name="getNumberDoubleTest123" time="0.001" classname="test123.copy.testA"/>
  <testcase name="getNumberTest123" time="0.002" classname="test123.copy.testA"/>
  <testcase name="getNumberDoubleTest123" time="0.012" classname="test123.copy.testA"/>
</testsuite> <!-- test123.copy.testA -->
