<?xml version="1.0" encoding="UTF-8"?>
<!-- Generated by org.testng.reporters.JUnitReportReporter -->
<testsuite skipped="0" hostname="DESKTOP-CFCNF77" name="test123.testA" tests="1" failures="0" timestamp="2 May 2019 03:26:38 GMT" time="0.001" errors="0">
  <testcase name="getNumber" time="0.001" classname="test123.testA"/>
</testsuite> <!-- test123.testA -->
