<?xml version="1.0" encoding="UTF-8"?>
<testsuite xmlns:xsi="http://www.w3.org/2001/XMLSchema-instance" xsi:noNamespaceSchemaLocation="https://maven.apache.org/surefire/maven-surefire-plugin/xsd/surefire-test-report-3.0.xsd" version="3.0" name="TestSuite" time="10.296" tests="13" errors="0" skipped="0" failures="3">
  <properties>
    <property name="sun.desktop" value="windows"/>
    <property name="awt.toolkit" value="sun.awt.windows.WToolkit"/>
    <property name="file.encoding.pkg" value="sun.io"/>
    <property name="java.specification.version" value="1.8"/>
    <property name="sun.cpu.isalist" value="amd64"/>
    <property name="sun.jnu.encoding" value="Cp1252"/>
    <property name="java.class.path" value="C:\Users\Deepak\Selenium\mavenRevision\target\test-classes;C:\Users\Deepak\Selenium\mavenRevision\target\classes;C:\Users\Deepak\.m2\repository\junit\junit\3.8.1\junit-3.8.1.jar;C:\Users\Deepak\.m2\repository\org\seleniumhq\selenium\selenium-java\3.6.0\selenium-java-3.6.0.jar;C:\Users\Deepak\.m2\repository\org\seleniumhq\selenium\selenium-api\3.6.0\selenium-api-3.6.0.jar;C:\Users\Deepak\.m2\repository\org\seleniumhq\selenium\selenium-chrome-driver\3.6.0\selenium-chrome-driver-3.6.0.jar;C:\Users\Deepak\.m2\repository\org\seleniumhq\selenium\selenium-edge-driver\3.6.0\selenium-edge-driver-3.6.0.jar;C:\Users\Deepak\.m2\repository\org\seleniumhq\selenium\selenium-firefox-driver\3.6.0\selenium-firefox-driver-3.6.0.jar;C:\Users\Deepak\.m2\repository\org\seleniumhq\selenium\selenium-ie-driver\3.6.0\selenium-ie-driver-3.6.0.jar;C:\Users\Deepak\.m2\repository\org\seleniumhq\selenium\selenium-opera-driver\3.6.0\selenium-opera-driver-3.6.0.jar;C:\Users\Deepak\.m2\repository\org\seleniumhq\selenium\selenium-remote-driver\3.6.0\selenium-remote-driver-3.6.0.jar;C:\Users\Deepak\.m2\repository\org\seleniumhq\selenium\selenium-safari-driver\3.6.0\selenium-safari-driver-3.6.0.jar;C:\Users\Deepak\.m2\repository\org\seleniumhq\selenium\selenium-support\3.6.0\selenium-support-3.6.0.jar;C:\Users\Deepak\.m2\repository\net\bytebuddy\byte-buddy\1.7.5\byte-buddy-1.7.5.jar;C:\Users\Deepak\.m2\repository\org\apache\commons\commons-exec\1.3\commons-exec-1.3.jar;C:\Users\Deepak\.m2\repository\commons-codec\commons-codec\1.10\commons-codec-1.10.jar;C:\Users\Deepak\.m2\repository\commons-logging\commons-logging\1.2\commons-logging-1.2.jar;C:\Users\Deepak\.m2\repository\com\google\code\gson\gson\2.8.0\gson-2.8.0.jar;C:\Users\Deepak\.m2\repository\com\google\guava\guava\23.0\guava-23.0.jar;C:\Users\Deepak\.m2\repository\com\google\code\findbugs\jsr305\1.3.9\jsr305-1.3.9.jar;C:\Users\Deepak\.m2\repository\com\google\errorprone\error_prone_annotations\2.0.18\error_prone_annotations-2.0.18.jar;C:\Users\Deepak\.m2\repository\com\google\j2objc\j2objc-annotations\1.1\j2objc-annotations-1.1.jar;C:\Users\Deepak\.m2\repository\org\codehaus\mojo\animal-sniffer-annotations\1.14\animal-sniffer-annotations-1.14.jar;C:\Users\Deepak\.m2\repository\org\apache\httpcomponents\httpclient\4.5.3\httpclient-4.5.3.jar;C:\Users\Deepak\.m2\repository\org\apache\httpcomponents\httpcore\4.4.6\httpcore-4.4.6.jar;C:\Users\Deepak\.m2\repository\net\java\dev\jna\jna\4.1.0\jna-4.1.0.jar;C:\Users\Deepak\.m2\repository\net\java\dev\jna\jna-platform\4.1.0\jna-platform-4.1.0.jar;C:\Users\Deepak\.m2\repository\com\aventstack\extentreports\3.1.5\extentreports-3.1.5.jar;C:\Users\Deepak\.m2\repository\org\freemarker\freemarker\2.3.23\freemarker-2.3.23.jar;C:\Users\Deepak\.m2\repository\org\mongodb\mongodb-driver\3.3.0\mongodb-driver-3.3.0.jar;C:\Users\Deepak\.m2\repository\org\mongodb\bson\3.3.0\bson-3.3.0.jar;C:\Users\Deepak\.m2\repository\org\mongodb\mongodb-driver-core\3.3.0\mongodb-driver-core-3.3.0.jar;C:\Users\Deepak\.m2\repository\org\apache\httpcomponents\httpmime\4.5.2\httpmime-4.5.2.jar;C:\Users\Deepak\.m2\repository\org\jsoup\jsoup\1.9.2\jsoup-1.9.2.jar;C:\Users\Deepak\.m2\repository\com\relevantcodes\extentreports\2.41.0\extentreports-2.41.0.jar;C:\Users\Deepak\.m2\repository\org\xerial\sqlite-jdbc\3.8.11.1\sqlite-jdbc-3.8.11.1.jar;C:\Users\Deepak\.m2\repository\org\testng\testng\6.11\testng-6.11.jar;C:\Users\Deepak\.m2\repository\com\beust\jcommander\1.64\jcommander-1.64.jar;C:\Users\Deepak\.m2\repository\org\yaml\snakeyaml\1.17\snakeyaml-1.17.jar;C:\Users\Deepak\.m2\repository\io\rest-assured\rest-assured\3.0.5\rest-assured-3.0.5.jar;C:\Users\Deepak\.m2\repository\org\codehaus\groovy\groovy\2.4.9\groovy-2.4.9.jar;C:\Users\Deepak\.m2\repository\org\codehaus\groovy\groovy-xml\2.4.9\groovy-xml-2.4.9.jar;C:\Users\Deepak\.m2\repository\org\hamcrest\hamcrest-core\1.3\hamcrest-core-1.3.jar;C:\Users\Deepak\.m2\repository\org\hamcrest\hamcrest-library\1.3\hamcrest-library-1.3.jar;C:\Users\Deepak\.m2\repository\org\ccil\cowan\tagsoup\tagsoup\1.2.1\tagsoup-1.2.1.jar;C:\Users\Deepak\.m2\repository\io\rest-assured\json-path\3.0.5\json-path-3.0.5.jar;C:\Users\Deepak\.m2\repository\org\codehaus\groovy\groovy-json\2.4.9\groovy-json-2.4.9.jar;C:\Users\Deepak\.m2\repository\io\rest-assured\rest-assured-common\3.0.5\rest-assured-common-3.0.5.jar;C:\Users\Deepak\.m2\repository\io\rest-assured\xml-path\3.0.5\xml-path-3.0.5.jar;C:\Users\Deepak\.m2\repository\org\apache\commons\commons-lang3\3.4\commons-lang3-3.4.jar;C:\Users\Deepak\.m2\repository\org\apache\logging\log4j\log4j-api\2.11.2\log4j-api-2.11.2.jar;C:\Users\Deepak\.m2\repository\org\apache\logging\log4j\log4j-core\2.11.2\log4j-core-2.11.2.jar;"/>
    <property name="java.vm.vendor" value="Oracle Corporation"/>
    <property name="sun.arch.data.model" value="64"/>
    <property name="user.variant" value=""/>
    <property name="java.vendor.url" value="http://java.oracle.com/"/>
    <property name="user.timezone" value="Asia/Calcutta"/>
    <property name="java.vm.specification.version" value="1.8"/>
    <property name="os.name" value="Windows 10"/>
    <property name="user.country" value="US"/>
    <property name="sun.java.launcher" value="SUN_STANDARD"/>
    <property name="sun.boot.library.path" value="C:\Program Files\Java\jdk1.8.0_131\jre\bin"/>
    <property name="sun.java.command" value="C:\Users\Deepak\AppData\Local\Temp\surefire6520229705188833875\surefirebooter8041395664071827822.jar C:\Users\Deepak\AppData\Local\Temp\surefire6520229705188833875 2019-05-13T12-18-38_701-jvmRun1 surefire1145388586162676515tmp surefire_09072162377918333716tmp"/>
    <property name="surefire.test.class.path" value="C:\Users\Deepak\Selenium\mavenRevision\target\test-classes;C:\Users\Deepak\Selenium\mavenRevision\target\classes;C:\Users\Deepak\.m2\repository\junit\junit\3.8.1\junit-3.8.1.jar;C:\Users\Deepak\.m2\repository\org\seleniumhq\selenium\selenium-java\3.6.0\selenium-java-3.6.0.jar;C:\Users\Deepak\.m2\repository\org\seleniumhq\selenium\selenium-api\3.6.0\selenium-api-3.6.0.jar;C:\Users\Deepak\.m2\repository\org\seleniumhq\selenium\selenium-chrome-driver\3.6.0\selenium-chrome-driver-3.6.0.jar;C:\Users\Deepak\.m2\repository\org\seleniumhq\selenium\selenium-edge-driver\3.6.0\selenium-edge-driver-3.6.0.jar;C:\Users\Deepak\.m2\repository\org\seleniumhq\selenium\selenium-firefox-driver\3.6.0\selenium-firefox-driver-3.6.0.jar;C:\Users\Deepak\.m2\repository\org\seleniumhq\selenium\selenium-ie-driver\3.6.0\selenium-ie-driver-3.6.0.jar;C:\Users\Deepak\.m2\repository\org\seleniumhq\selenium\selenium-opera-driver\3.6.0\selenium-opera-driver-3.6.0.jar;C:\Users\Deepak\.m2\repository\org\seleniumhq\selenium\selenium-remote-driver\3.6.0\selenium-remote-driver-3.6.0.jar;C:\Users\Deepak\.m2\repository\org\seleniumhq\selenium\selenium-safari-driver\3.6.0\selenium-safari-driver-3.6.0.jar;C:\Users\Deepak\.m2\repository\org\seleniumhq\selenium\selenium-support\3.6.0\selenium-support-3.6.0.jar;C:\Users\Deepak\.m2\repository\net\bytebuddy\byte-buddy\1.7.5\byte-buddy-1.7.5.jar;C:\Users\Deepak\.m2\repository\org\apache\commons\commons-exec\1.3\commons-exec-1.3.jar;C:\Users\Deepak\.m2\repository\commons-codec\commons-codec\1.10\commons-codec-1.10.jar;C:\Users\Deepak\.m2\repository\commons-logging\commons-logging\1.2\commons-logging-1.2.jar;C:\Users\Deepak\.m2\repository\com\google\code\gson\gson\2.8.0\gson-2.8.0.jar;C:\Users\Deepak\.m2\repository\com\google\guava\guava\23.0\guava-23.0.jar;C:\Users\Deepak\.m2\repository\com\google\code\findbugs\jsr305\1.3.9\jsr305-1.3.9.jar;C:\Users\Deepak\.m2\repository\com\google\errorprone\error_prone_annotations\2.0.18\error_prone_annotations-2.0.18.jar;C:\Users\Deepak\.m2\repository\com\google\j2objc\j2objc-annotations\1.1\j2objc-annotations-1.1.jar;C:\Users\Deepak\.m2\repository\org\codehaus\mojo\animal-sniffer-annotations\1.14\animal-sniffer-annotations-1.14.jar;C:\Users\Deepak\.m2\repository\org\apache\httpcomponents\httpclient\4.5.3\httpclient-4.5.3.jar;C:\Users\Deepak\.m2\repository\org\apache\httpcomponents\httpcore\4.4.6\httpcore-4.4.6.jar;C:\Users\Deepak\.m2\repository\net\java\dev\jna\jna\4.1.0\jna-4.1.0.jar;C:\Users\Deepak\.m2\repository\net\java\dev\jna\jna-platform\4.1.0\jna-platform-4.1.0.jar;C:\Users\Deepak\.m2\repository\com\aventstack\extentreports\3.1.5\extentreports-3.1.5.jar;C:\Users\Deepak\.m2\repository\org\freemarker\freemarker\2.3.23\freemarker-2.3.23.jar;C:\Users\Deepak\.m2\repository\org\mongodb\mongodb-driver\3.3.0\mongodb-driver-3.3.0.jar;C:\Users\Deepak\.m2\repository\org\mongodb\bson\3.3.0\bson-3.3.0.jar;C:\Users\Deepak\.m2\repository\org\mongodb\mongodb-driver-core\3.3.0\mongodb-driver-core-3.3.0.jar;C:\Users\Deepak\.m2\repository\org\apache\httpcomponents\httpmime\4.5.2\httpmime-4.5.2.jar;C:\Users\Deepak\.m2\repository\org\jsoup\jsoup\1.9.2\jsoup-1.9.2.jar;C:\Users\Deepak\.m2\repository\com\relevantcodes\extentreports\2.41.0\extentreports-2.41.0.jar;C:\Users\Deepak\.m2\repository\org\xerial\sqlite-jdbc\3.8.11.1\sqlite-jdbc-3.8.11.1.jar;C:\Users\Deepak\.m2\repository\org\testng\testng\6.11\testng-6.11.jar;C:\Users\Deepak\.m2\repository\com\beust\jcommander\1.64\jcommander-1.64.jar;C:\Users\Deepak\.m2\repository\org\yaml\snakeyaml\1.17\snakeyaml-1.17.jar;C:\Users\Deepak\.m2\repository\io\rest-assured\rest-assured\3.0.5\rest-assured-3.0.5.jar;C:\Users\Deepak\.m2\repository\org\codehaus\groovy\groovy\2.4.9\groovy-2.4.9.jar;C:\Users\Deepak\.m2\repository\org\codehaus\groovy\groovy-xml\2.4.9\groovy-xml-2.4.9.jar;C:\Users\Deepak\.m2\repository\org\hamcrest\hamcrest-core\1.3\hamcrest-core-1.3.jar;C:\Users\Deepak\.m2\repository\org\hamcrest\hamcrest-library\1.3\hamcrest-library-1.3.jar;C:\Users\Deepak\.m2\repository\org\ccil\cowan\tagsoup\tagsoup\1.2.1\tagsoup-1.2.1.jar;C:\Users\Deepak\.m2\repository\io\rest-assured\json-path\3.0.5\json-path-3.0.5.jar;C:\Users\Deepak\.m2\repository\org\codehaus\groovy\groovy-json\2.4.9\groovy-json-2.4.9.jar;C:\Users\Deepak\.m2\repository\io\rest-assured\rest-assured-common\3.0.5\rest-assured-common-3.0.5.jar;C:\Users\Deepak\.m2\repository\io\rest-assured\xml-path\3.0.5\xml-path-3.0.5.jar;C:\Users\Deepak\.m2\repository\org\apache\commons\commons-lang3\3.4\commons-lang3-3.4.jar;C:\Users\Deepak\.m2\repository\org\apache\logging\log4j\log4j-api\2.11.2\log4j-api-2.11.2.jar;C:\Users\Deepak\.m2\repository\org\apache\logging\log4j\log4j-core\2.11.2\log4j-core-2.11.2.jar;"/>
    <property name="sun.cpu.endian" value="little"/>
    <property name="user.home" value="C:\Users\Deepak"/>
    <property name="user.language" value="en"/>
    <property name="java.specification.vendor" value="Oracle Corporation"/>
    <property name="java.home" value="C:\Program Files\Java\jdk1.8.0_131\jre"/>
    <property name="basedir" value="C:\Users\Deepak\Selenium\mavenRevision"/>
    <property name="file.separator" value="\"/>
    <property name="line.separator" value="&#10;"/>
    <property name="java.vm.specification.vendor" value="Oracle Corporation"/>
    <property name="java.specification.name" value="Java Platform API Specification"/>
    <property name="java.awt.graphicsenv" value="sun.awt.Win32GraphicsEnvironment"/>
    <property name="surefire.real.class.path" value="C:\Users\Deepak\AppData\Local\Temp\surefire6520229705188833875\surefirebooter8041395664071827822.jar"/>
    <property name="sun.boot.class.path" value="C:\Program Files\Java\jdk1.8.0_131\jre\lib\resources.jar;C:\Program Files\Java\jdk1.8.0_131\jre\lib\rt.jar;C:\Program Files\Java\jdk1.8.0_131\jre\lib\sunrsasign.jar;C:\Program Files\Java\jdk1.8.0_131\jre\lib\jsse.jar;C:\Program Files\Java\jdk1.8.0_131\jre\lib\jce.jar;C:\Program Files\Java\jdk1.8.0_131\jre\lib\charsets.jar;C:\Program Files\Java\jdk1.8.0_131\jre\lib\jfr.jar;C:\Program Files\Java\jdk1.8.0_131\jre\classes"/>
    <property name="user.script" value=""/>
    <property name="sun.management.compiler" value="HotSpot 64-Bit Tiered Compilers"/>
    <property name="java.runtime.version" value="1.8.0_131-b11"/>
    <property name="user.name" value="Deepak"/>
    <property name="path.separator" value=";"/>
    <property name="os.version" value="10.0"/>
    <property name="java.endorsed.dirs" value="C:\Program Files\Java\jdk1.8.0_131\jre\lib\endorsed"/>
    <property name="java.runtime.name" value="Java(TM) SE Runtime Environment"/>
    <property name="file.encoding" value="Cp1252"/>
    <property name="java.vm.name" value="Java HotSpot(TM) 64-Bit Server VM"/>
    <property name="localRepository" value="C:\Users\Deepak\.m2\repository"/>
    <property name="java.vendor.url.bug" value="http://bugreport.sun.com/bugreport/"/>
    <property name="java.io.tmpdir" value="C:\Users\Deepak\AppData\Local\Temp\"/>
    <property name="java.version" value="1.8.0_131"/>
    <property name="user.dir" value="C:\Users\Deepak\Selenium\mavenRevision"/>
    <property name="os.arch" value="amd64"/>
    <property name="java.vm.specification.name" value="Java Virtual Machine Specification"/>
    <property name="java.awt.printerjob" value="sun.awt.windows.WPrinterJob"/>
    <property name="sun.os.patch.level" value=""/>
    <property name="java.library.path" value="C:\Program Files\Java\jdk1.8.0_131\jre\bin;C:\WINDOWS\Sun\Java\bin;C:\WINDOWS\system32;C:\WINDOWS;C:\Program Files (x86)\Common Files\Oracle\Java\javapath;C:\ProgramData\Oracle\Java\javapath;C:\WINDOWS\system32;C:\WINDOWS;C:\WINDOWS\System32\Wbem;C:\WINDOWS\System32\WindowsPowerShell\v1.0\;C:\Program Files (x86)\Windows Live\Shared;C:\Program Files (x86)\Skype\Phone\;C:\Program Files\MySQL\MySQL Utilities 1.6\;C:\Program Files\PuTTY\;C:\WINDOWS\System32\OpenSSH\;C:\Program Files\Microsoft SQL Server\Client SDK\ODBC\110\Tools\Binn\;C:\Program Files (x86)\Microsoft SQL Server\120\Tools\Binn\;C:\Program Files\Microsoft SQL Server\120\Tools\Binn\;C:\Program Files\Microsoft SQL Server\120\DTS\Binn\;C:\Program Files (x86)\Microsoft SQL Server\120\Tools\Binn\ManagementStudio\;C:\Program Files (x86)\Microsoft SQL Server\120\DTS\Binn\;C:\Program Files\Microsoft VS Code\bin;C:\Program Files\Git\cmd;C:\Users\Deepak\apache-maven-3.6.1\bin;C:\Users\Deepak\AppData\Local\Android\Sdk\tools\bin;C:\Users\Deepak\AppData\Local\Android\Sdk\tools;C:\Users\Deepak\AppData\Local\Android\Sdk\platform-tools;C:\Program Files\nodejs\node_modules\npm\bin;C:\Program Files\nodejs\;C:\Users\Deepak\AppData\Local\Microsoft\WindowsApps;C:\Users\Deepak\AppData\Roaming\npm;."/>
    <property name="java.vm.info" value="mixed mode"/>
    <property name="java.vendor" value="Oracle Corporation"/>
    <property name="java.vm.version" value="25.131-b11"/>
    <property name="java.ext.dirs" value="C:\Program Files\Java\jdk1.8.0_131\jre\lib\ext;C:\WINDOWS\Sun\Java\lib\ext"/>
    <property name="sun.io.unicode.encoding" value="UnicodeLittle"/>
    <property name="java.class.version" value="52.0"/>
  </properties>
  <testcase name="testData" classname="restAssured.Post_xml" time="3.834"/>
  <testcase name="jiraAPI" classname="jiraAPI.jiraBasics_comment" time="0.811">
    <failure message="1 expectation failed.&#10;Expected status code &lt;200&gt; but was &lt;403&gt;.&#10;" type="java.lang.AssertionError"><![CDATA[java.lang.AssertionError: 
1 expectation failed.
Expected status code <200> but was <403>.

	at jiraAPI.jiraBasics_comment.jiraAPI(jiraBasics_comment.java:26)
]]></failure>
    <system-out><![CDATA[Request method:	POST
Request URI:	http://localhost:8080/rest/auth/1/session
Proxy:			<none>
Request params:	<none>
Query params:	<none>
Form params:	<none>
Path params:	<none>
Headers:		Accept=*/*
				Content-Type=application/json; charset=UTF-8
Cookies:		<none>
Multiparts:		<none>
Body:
{
    "username": "deepakdm2016",
    "password": "Vinayaka@2019"
}
HTTP/1.1 403 No valid crumb was included in the request
Date: Mon, 13 May 2019 06:48:47 GMT
X-Content-Type-Options: nosniff
Cache-Control: must-revalidate,no-cache,no-store
Content-Type: text/html;charset=iso-8859-1
Content-Length: 400
Server: Jetty(9.4.z-SNAPSHOT)

<html>
  <head>
    <meta http-equiv="Content-Type" content="text/html;charset=utf-8"/>
    <title>Error 403 No valid crumb was included in the request</title>
  </head>
  <body>
    <h2>HTTP ERROR 403</h2>
    <p>Problem accessing /rest/auth/1/session. Reason:
</p>
    <pre>    No valid crumb was included in the request</pre>
    <hr/>
    <a shape="rect" href="http://eclipse.org/jetty">Powered by Jetty:// 9.4.z-SNAPSHOT</a>
    <hr/>
  </body>
</html>
]]></system-out>
  </testcase>
  <testcase name="addAndDelete" classname="restAssured.PostDelete" time="0.809"/>
  <testcase name="testData" classname="restAssured.Post" time="0.509"/>
  <testcase name="dynamicJson" classname="libraryAPI.staticJson" time="0.252"/>
  <testcase name="seleniumAutomation" classname="DeepakAcademy.mavenRevision.SeleniumTest" time="0.011"/>
  <testcase name="webAutomation" classname="DeepakAcademy.mavenRevision.SeleniumTest" time="0.049"/>
  <testcase name="restAPIAutomation" classname="DeepakAcademy.mavenRevision.RestTest" time="0.027"/>
  <testcase name="restAutomation" classname="DeepakAcademy.mavenRevision.RestTest" time="0.005"/>
  <testcase name="jiraAPI" classname="jiraAPI.jiraBasics" time="0.381">
    <failure message="1 expectation failed.&#10;Expected status code &lt;200&gt; but was &lt;403&gt;.&#10;" type="java.lang.AssertionError"><![CDATA[java.lang.AssertionError: 
1 expectation failed.
Expected status code <200> but was <403>.

	at jiraAPI.jiraBasics.jiraAPI(jiraBasics.java:26)
]]></failure>
    <system-out><![CDATA[Request method:	POST
Request URI:	http://localhost:8080/rest/auth/1/session
Proxy:			<none>
Request params:	<none>
Query params:	<none>
Form params:	<none>
Path params:	<none>
Headers:		Accept=*/*
				Content-Type=application/json; charset=UTF-8
Cookies:		<none>
Multiparts:		<none>
Body:
{
    "username": "deepakdm2016",
    "password": "Vinayaka@2019"
}
HTTP/1.1 403 No valid crumb was included in the request
Date: Mon, 13 May 2019 06:48:49 GMT
X-Content-Type-Options: nosniff
Cache-Control: must-revalidate,no-cache,no-store
Content-Type: text/html;charset=iso-8859-1
Content-Length: 400
Server: Jetty(9.4.z-SNAPSHOT)

<html>
  <head>
    <meta http-equiv="Content-Type" content="text/html;charset=utf-8"/>
    <title>Error 403 No valid crumb was included in the request</title>
  </head>
  <body>
    <h2>HTTP ERROR 403</h2>
    <p>Problem accessing /rest/auth/1/session. Reason:
</p>
    <pre>    No valid crumb was included in the request</pre>
    <hr/>
    <a shape="rect" href="http://eclipse.org/jetty">Powered by Jetty:// 9.4.z-SNAPSHOT</a>
    <hr/>
  </body>
</html>
]]></system-out>
  </testcase>
  <testcase name="jiraAPI" classname="jiraAPI.jiraBasics_comment_updated" time="0.746">
    <failure message="1 expectation failed.&#10;Expected status code &lt;200&gt; but was &lt;403&gt;.&#10;" type="java.lang.AssertionError"><![CDATA[java.lang.AssertionError: 
1 expectation failed.
Expected status code <200> but was <403>.

	at jiraAPI.jiraBasics_comment_updated.jiraAPI(jiraBasics_comment_updated.java:24)
]]></failure>
    <system-out><![CDATA[Request method:	POST
Request URI:	http://localhost:8080/rest/auth/1/session
Proxy:			<none>
Request params:	<none>
Query params:	<none>
Form params:	<none>
Path params:	<none>
Headers:		Accept=*/*
				Content-Type=application/json; charset=UTF-8
Cookies:		<none>
Multiparts:		<none>
Body:
{
    "username": "deepakdm2016",
    "password": "Vinayaka@2019"
}
HTTP/1.1 403 No valid crumb was included in the request
Date: Mon, 13 May 2019 06:48:49 GMT
X-Content-Type-Options: nosniff
Cache-Control: must-revalidate,no-cache,no-store
Content-Type: text/html;charset=iso-8859-1
Content-Length: 400
Server: Jetty(9.4.z-SNAPSHOT)

<html>
  <head>
    <meta http-equiv="Content-Type" content="text/html;charset=utf-8"/>
    <title>Error 403 No valid crumb was included in the request</title>
  </head>
  <body>
    <h2>HTTP ERROR 403</h2>
    <p>Problem accessing /rest/auth/1/session. Reason:
</p>
    <pre>    No valid crumb was included in the request</pre>
    <hr/>
    <a shape="rect" href="http://eclipse.org/jetty">Powered by Jetty:// 9.4.z-SNAPSHOT</a>
    <hr/>
  </body>
</html>
]]></system-out>
  </testcase>
  <testcase name="androidAutomation" classname="DeepakAcademy.mavenRevision.AppiumTest" time="0.017"/>
  <testcase name="iosAutomation" classname="DeepakAcademy.mavenRevision.AppiumTest" time="0.003"/>
</testsuite>