<?xml version="1.0" encoding="UTF-8"?>
<!-- Generated by org.testng.reporters.JUnitReportReporter -->
<testsuite hostname="DESKTOP-CFCNF77" name="test2.basicClass2" tests="2" failures="0" timestamp="25 Apr 2019 00:53:33 GMT" time="0.004" errors="0">
  <testcase name="method1" time="0.002" classname="test2.basicClass2"/>
  <testcase name="method2" time="0.002" classname="test2.basicClass2"/>
</testsuite> <!-- test2.basicClass2 -->
